<?xml version="1.0" encoding="UTF-8"?>
<testng-results ignored="0" total="1" passed="1" failed="0" skipped="0">
  <reporter-output>
  </reporter-output>
  <suite started-at="2024-07-14T09:17:09 ICT" name="Default suite" finished-at="2024-07-14T09:17:28 ICT" duration-ms="19128">
    <groups>
    </groups>
    <test started-at="2024-07-14T09:17:09 ICT" name="Default test" finished-at="2024-07-14T09:17:28 ICT" duration-ms="19128">
      <class name="BTVN_02_DragAndDrop">
        <test-method is-config="true" signature="beforeClass()[pri:0, instance:BTVN_02_DragAndDrop@56620197]" started-at="2024-07-14T09:17:09 ICT" name="beforeClass" finished-at="2024-07-14T09:17:16 ICT" duration-ms="6525" status="PASS">
          <reporter-output>
          </reporter-output>
        </test-method> <!-- beforeClass -->
        <test-method signature="Drag_n_Drop()[pri:0, instance:BTVN_02_DragAndDrop@56620197]" started-at="2024-07-14T09:17:16 ICT" name="Drag_n_Drop" finished-at="2024-07-14T09:17:28 ICT" duration-ms="12415" status="PASS">
          <reporter-output>
          </reporter-output>
        </test-method> <!-- Drag_n_Drop -->
        <test-method is-config="true" signature="afterClass()[pri:0, instance:BTVN_02_DragAndDrop@56620197]" started-at="2024-07-14T09:17:28 ICT" name="afterClass" finished-at="2024-07-14T09:17:28 ICT" duration-ms="152" status="PASS">
          <reporter-output>
          </reporter-output>
        </test-method> <!-- afterClass -->
      </class> <!-- BTVN_02_DragAndDrop -->
    </test> <!-- Default test -->
  </suite> <!-- Default suite -->
</testng-results>
